0 info it worked if it ends with ok
1 verbose cli [ 'C:\\Program Files\\nodejs\\node.exe',
1 verbose cli   'C:\\Program Files\\nodejs\\node_modules\\npm\\bin\\npm-cli.js',
1 verbose cli   'publish' ]
2 info using npm@1.4.28
3 info using node@v0.10.35
4 verbose publish [ '.' ]
5 verbose cache add [ '.', null ]
6 verbose cache add name=undefined spec="." args=[".",null]
7 verbose parsed url { protocol: null,
7 verbose parsed url   slashes: null,
7 verbose parsed url   auth: null,
7 verbose parsed url   host: null,
7 verbose parsed url   port: null,
7 verbose parsed url   hostname: null,
7 verbose parsed url   hash: null,
7 verbose parsed url   search: null,
7 verbose parsed url   query: null,
7 verbose parsed url   pathname: '.',
7 verbose parsed url   path: '.',
7 verbose parsed url   href: '.' }
8 silly lockFile 3a52ce78- .
9 verbose lock . C:\Users\kimhou\AppData\Roaming\npm-cache\3a52ce78-.lock
10 verbose tar pack [ 'C:\\Users\\kimhou\\AppData\\Roaming\\npm-cache\\gulp-define-vm-module\\0.1.0\\package.tgz',
10 verbose tar pack   '.' ]
11 verbose tarball C:\Users\kimhou\AppData\Roaming\npm-cache\gulp-define-vm-module\0.1.0\package.tgz
12 verbose folder .
13 info prepublish gulp-define-vm-module@0.1.0
14 silly lockFile 1f1177db-tar tar://.
15 verbose lock tar://. C:\Users\kimhou\AppData\Roaming\npm-cache\1f1177db-tar.lock
16 silly lockFile 4e7d4cb0-fine-vm-module-0-1-0-package-tgz tar://C:\Users\kimhou\AppData\Roaming\npm-cache\gulp-define-vm-module\0.1.0\package.tgz
17 verbose lock tar://C:\Users\kimhou\AppData\Roaming\npm-cache\gulp-define-vm-module\0.1.0\package.tgz C:\Users\kimhou\AppData\Roaming\npm-cache\4e7d4cb0-fine-vm-module-0-1-0-package-tgz.lock
18 silly lockFile 1f1177db-tar tar://.
19 silly lockFile 1f1177db-tar tar://.
20 silly lockFile 4e7d4cb0-fine-vm-module-0-1-0-package-tgz tar://C:\Users\kimhou\AppData\Roaming\npm-cache\gulp-define-vm-module\0.1.0\package.tgz
21 silly lockFile 4e7d4cb0-fine-vm-module-0-1-0-package-tgz tar://C:\Users\kimhou\AppData\Roaming\npm-cache\gulp-define-vm-module\0.1.0\package.tgz
22 silly lockFile f27527eb-p-define-vm-module-0-1-0-package C:\Users\kimhou\AppData\Roaming\npm-cache\gulp-define-vm-module\0.1.0\package
23 verbose lock C:\Users\kimhou\AppData\Roaming\npm-cache\gulp-define-vm-module\0.1.0\package C:\Users\kimhou\AppData\Roaming\npm-cache\f27527eb-p-define-vm-module-0-1-0-package.lock
24 silly lockFile f27527eb-p-define-vm-module-0-1-0-package C:\Users\kimhou\AppData\Roaming\npm-cache\gulp-define-vm-module\0.1.0\package
25 silly lockFile f27527eb-p-define-vm-module-0-1-0-package C:\Users\kimhou\AppData\Roaming\npm-cache\gulp-define-vm-module\0.1.0\package
26 silly lockFile 3a52ce78- .
27 silly lockFile 3a52ce78- .
28 silly publish { name: 'gulp-define-vm-module',
28 silly publish   version: '0.1.0',
28 silly publish   description: 'gulp.js plugin for creating modules',
28 silly publish   homepage: 'https://github.com/kimhou/gulp-plugins/gulp-define-vm-module',
28 silly publish   main: 'index.js',
28 silly publish   scripts: { test: 'istanbul cover ./node_modules/.bin/_mocha --report $(if [ "$TRAVIS" ]; then echo lcovonly; else echo html; fi) -- && if [ "$TRAVIS" ]; then cat ./coverage/lcov.info | ./node_modules/.bin/coveralls; fi' },
28 silly publish   repository:
28 silly publish    { type: 'git',
28 silly publish      url: 'git://github.com/kimhou/gulp-plugins/gulp-define-vm-module.git' },
28 silly publish   keywords: [ 'gulpplugin', 'gulpfriendly', 'amd', 'commonjs', 'node' ],
28 silly publish   author: { name: 'kimhou' },
28 silly publish   license: 'MIT',
28 silly publish   dependencies: { through: '^2.3.0', lodash: '^3.6.0', 'gulp-util': '^3.0.4' },
28 silly publish   devDependencies:
28 silly publish    { coveralls: '^2.11.2',
28 silly publish      istanbul: '^0.3.11',
28 silly publish      mocha: '^2.2.1',
28 silly publish      should: '^5.2.0' },
28 silly publish   gitHead: '03bac804f85ffb486dfb9c4eae8bc3b4dd16cd7e',
28 silly publish   bugs: { url: 'https://github.com/kimhou/gulp-plugins/gulp-define-vm-module/issues' },
28 silly publish   _id: 'gulp-define-vm-module@0.1.0',
28 silly publish   _shasum: '060152887076d9865750d2d4c5f99c1383f2e636',
28 silly publish   _from: '.',
28 silly publish   _npmVersion: '2.1.18',
28 silly publish   _nodeVersion: '0.10.26',
28 silly publish   _npmUser: { name: 'wbyoung', email: 'wbyoung@fadingred.com' },
28 silly publish   maintainers: [ { name: 'wbyoung', email: 'wbyoung@fadingred.com' } ],
28 silly publish   dist:
28 silly publish    { shasum: 'ad71b4696c3258252b289776ff6580d64a1ab51b',
28 silly publish      tarball: 'http://registry.npmjs.org/gulp-define-vm-module/-/gulp-define-vm-module-0.1.0.tgz' },
28 silly publish   directories: {},
28 silly publish   _resolved: 'https://registry.npmjs.org/gulp-define-vm-module/-/gulp-define-vm-module-0.1.0.tgz',
28 silly publish   readme: '# gulp-define-vm-module\n\n[![NPM version][npm-image]][npm-url] [![Build status][travis-image]][travis-url] [![Code Climate][codeclimate-image]][codeclimate-url] [![Coverage Status][coverage-image]][coverage-url] [![Dependencies][david-image]][david-url] [![devDependencies][david-dev-image]][david-dev-url]\n\ngulp-define-vm-module 此插件可以将browserify合并的代码生成AMD风格的模块化文件，返回browserify中的第一个模块对象, 生成的文件名为源文件的最后一个目录名，比如： gulp.src(\'./js/module1/index.js\') 将生成 dest/module1.js.\n\n```javascript\ndefine(\'moduleName\', function(require, exports, module){\nvar mod = (browserify script);\nreturn mod[\'1\'];\n})\n```\nuse Example\n```javascript\ngulp.src(\'./statics/dev/*/index.js\')\n        .pipe(browserify({debug:false}))\n        .pipe(derequire())\n        .pipe(defineVMModule(\'amd\', {\n            deps:[],//依赖\n            prefix: \'\'//生成文件的前缀\n        }))\n        .pipe(gulp.dest(\'./statics/dev/\'));\n```\n\n\n## License\n\nThis project is distributed under the MIT license.\n\n\n[travis-url]: http://travis-ci.org/wbyoung/gulp-define-vm-module\n[travis-image]: https://secure.travis-ci.org/wbyoung/gulp-define-vm-module.png?branch=master\n[npm-url]: https://npmjs.org/package/gulp-define-vm-module\n[npm-image]: https://badge.fury.io/js/gulp-define-vm-module.png\n[codeclimate-image]: https://codeclimate.com/github/wbyoung/gulp-define-vm-module.png\n[codeclimate-url]: https://codeclimate.com/github/wbyoung/gulp-define-vm-module\n[coverage-image]: https://coveralls.io/repos/wbyoung/gulp-define-vm-module/badge.png\n[coverage-url]: https://coveralls.io/r/wbyoung/gulp-define-vm-module\n[david-image]: https://david-dm.org/wbyoung/gulp-define-vm-module.png?theme=shields.io\n[david-url]: https://david-dm.org/wbyoung/gulp-define-vm-module\n[david-dev-image]: https://david-dm.org/wbyoung/gulp-define-vm-module/dev-status.png?theme=shields.io\n[david-dev-url]: https://david-dm.org/wbyoung/gulp-define-vm-module#info=devDependencies\n\n[gulp-define-vm-module]: https://github.com/wbyoung/gulp-define-vm-module\n[gulp-handlebars]: https://github.com/lazd/gulp-handlebars\n[gulp-ember-emblem]: https://github.com/wbyoung/gulp-ember-emblem\n[lodash.template]: http://lodash.com/docs#template\n',
28 silly publish   readmeFilename: 'README.md' }
29 verbose request where is /gulp-define-vm-module
30 verbose request registry https://registry.npmjs.org/
31 verbose request id 79ac90e2a8562ebe
32 verbose url raw /gulp-define-vm-module
33 verbose url resolving [ 'https://registry.npmjs.org/', './gulp-define-vm-module' ]
34 verbose url resolved https://registry.npmjs.org/gulp-define-vm-module
35 verbose request where is https://registry.npmjs.org/gulp-define-vm-module
36 info trying registry request attempt 1 at 17:31:30
37 http PUT https://registry.npmjs.org/gulp-define-vm-module
38 http 403 https://registry.npmjs.org/gulp-define-vm-module
39 verbose headers { 'content-type': 'application/json',
39 verbose headers   'cache-control': 'max-age=60',
39 verbose headers   'content-length': '95',
39 verbose headers   'accept-ranges': 'bytes',
39 verbose headers   date: 'Mon, 27 Jul 2015 08:31:31 GMT',
39 verbose headers   via: '1.1 varnish',
39 verbose headers   connection: 'keep-alive',
39 verbose headers   'x-served-by': 'cache-hkg6821-HKG',
39 verbose headers   'x-cache': 'MISS',
39 verbose headers   'x-cache-hits': '0',
39 verbose headers   'x-timer': 'S1437985890.654549,VS0,VE930' }
40 error publish Failed PUT 403
41 error Error: "You cannot publish over the previously published version 0.1.0." : gulp-define-vm-module
41 error     at RegClient.<anonymous> (C:\Program Files\nodejs\node_modules\npm\node_modules\npm-registry-client\lib\request.js:308:14)
41 error     at Request._callback (C:\Program Files\nodejs\node_modules\npm\node_modules\npm-registry-client\lib\request.js:246:65)
41 error     at Request.self.callback (C:\Program Files\nodejs\node_modules\npm\node_modules\request\request.js:236:22)
41 error     at Request.emit (events.js:98:17)
41 error     at Request.<anonymous> (C:\Program Files\nodejs\node_modules\npm\node_modules\request\request.js:1142:14)
41 error     at Request.emit (events.js:117:20)
41 error     at IncomingMessage.<anonymous> (C:\Program Files\nodejs\node_modules\npm\node_modules\request\request.js:1096:12)
41 error     at IncomingMessage.emit (events.js:117:20)
41 error     at _stream_readable.js:944:16
41 error     at process._tickCallback (node.js:442:13)
42 error If you need help, you may report this *entire* log,
42 error including the npm and node versions, at:
42 error     <http://github.com/npm/npm/issues>
43 error System Windows_NT 6.1.7601
44 error command "C:\\Program Files\\nodejs\\node.exe" "C:\\Program Files\\nodejs\\node_modules\\npm\\bin\\npm-cli.js" "publish"
45 error cwd D:\SVN\TDSQL\trunk\front\node_modules\gulp-define-vm-module
46 error node -v v0.10.35
47 error npm -v 1.4.28
48 verbose exit [ 1, true ]
